{"C:\\Users\\DELL\\Desktop\\Test2-task\\components\\Badges\\index.tsx": {"path":"C:\\Users\\DELL\\Desktop\\Test2-task\\components\\Badges\\index.tsx","statementMap":{"0":{"start":{"line":6,"column":15},"end":{"line":33,"column":1}},"1":{"start":{"line":7,"column":30},"end":{"line":7,"column":52}},"2":{"start":{"line":8,"column":35},"end":{"line":8,"column":59}},"3":{"start":{"line":10,"column":2},"end":{"line":15,"column":9}},"4":{"start":{"line":11,"column":4},"end":{"line":14,"column":7}},"5":{"start":{"line":12,"column":6},"end":{"line":12,"column":56}},"6":{"start":{"line":13,"column":6},"end":{"line":13,"column":34}},"7":{"start":{"line":17,"column":2},"end":{"line":32,"column":4}},"8":{"start":{"line":23,"column":12},"end":{"line":25,"column":18}}},"fnMap":{"0":{"name":"(anonymous_0)","decl":{"start":{"line":6,"column":15},"end":{"line":6,"column":16}},"loc":{"start":{"line":6,"column":77},"end":{"line":33,"column":1}},"line":6},"1":{"name":"(anonymous_1)","decl":{"start":{"line":10,"column":12},"end":{"line":10,"column":13}},"loc":{"start":{"line":10,"column":18},"end":{"line":15,"column":3}},"line":10},"2":{"name":"(anonymous_2)","decl":{"start":{"line":11,"column":31},"end":{"line":11,"column":32}},"loc":{"start":{"line":11,"column":40},"end":{"line":14,"column":5}},"line":11},"3":{"name":"(anonymous_3)","decl":{"start":{"line":22,"column":22},"end":{"line":22,"column":23}},"loc":{"start":{"line":23,"column":12},"end":{"line":25,"column":18}},"line":23}},"branchMap":{"0":{"loc":{"start":{"line":19,"column":7},"end":{"line":30,"column":7}},"type":"cond-expr","locations":[{"start":{"line":20,"column":8},"end":{"line":27,"column":11}},{"start":{"line":29,"column":8},"end":{"line":29,"column":13}}],"line":19},"1":{"loc":{"start":{"line":19,"column":7},"end":{"line":19,"column":38}},"type":"binary-expr","locations":[{"start":{"line":19,"column":7},"end":{"line":19,"column":17}},{"start":{"line":19,"column":21},"end":{"line":19,"column":38}}],"line":19}},"s":{"0":1,"1":2,"2":2,"3":2,"4":1,"5":1,"6":1,"7":2,"8":2},"f":{"0":2,"1":1,"2":1,"3":2},"b":{"0":[1,1],"1":[2,2]},"_coverageSchema":"1a1c01bbd47fc00a2c39e90264f33305004495a9","hash":"69245ff7b37780ea7fbf5a3bbd035b0d56f721bc"}
,"C:\\Users\\DELL\\Desktop\\Test2-task\\components\\Container\\index.tsx": {"path":"C:\\Users\\DELL\\Desktop\\Test2-task\\components\\Container\\index.tsx","statementMap":{"0":{"start":{"line":5,"column":18},"end":{"line":13,"column":1}},"1":{"start":{"line":6,"column":2},"end":{"line":12,"column":5}}},"fnMap":{"0":{"name":"(anonymous_0)","decl":{"start":{"line":5,"column":18},"end":{"line":5,"column":19}},"loc":{"start":{"line":6,"column":2},"end":{"line":12,"column":5}},"line":6}},"branchMap":{},"s":{"0":1,"1":2},"f":{"0":2},"b":{},"_coverageSchema":"1a1c01bbd47fc00a2c39e90264f33305004495a9","hash":"1813b10b8f1a88c095442506eda6526c0c1b22e9"}
,"C:\\Users\\DELL\\Desktop\\Test2-task\\components\\EntryContainer\\index.tsx": {"path":"C:\\Users\\DELL\\Desktop\\Test2-task\\components\\EntryContainer\\index.tsx","statementMap":{"0":{"start":{"line":24,"column":23},"end":{"line":71,"column":1}},"1":{"start":{"line":25,"column":2},"end":{"line":70,"column":4}}},"fnMap":{"0":{"name":"(anonymous_0)","decl":{"start":{"line":24,"column":23},"end":{"line":24,"column":24}},"loc":{"start":{"line":24,"column":63},"end":{"line":71,"column":1}},"line":24}},"branchMap":{"0":{"loc":{"start":{"line":27,"column":7},"end":{"line":35,"column":7}},"type":"binary-expr","locations":[{"start":{"line":27,"column":7},"end":{"line":27,"column":28}},{"start":{"line":28,"column":8},"end":{"line":34,"column":10}}],"line":27},"1":{"loc":{"start":{"line":37,"column":9},"end":{"line":41,"column":9}},"type":"binary-expr","locations":[{"start":{"line":37,"column":9},"end":{"line":37,"column":22}},{"start":{"line":38,"column":10},"end":{"line":40,"column":16}}],"line":37},"2":{"loc":{"start":{"line":42,"column":9},"end":{"line":47,"column":9}},"type":"binary-expr","locations":[{"start":{"line":42,"column":9},"end":{"line":42,"column":21}},{"start":{"line":43,"column":10},"end":{"line":46,"column":16}}],"line":42},"3":{"loc":{"start":{"line":48,"column":9},"end":{"line":53,"column":9}},"type":"binary-expr","locations":[{"start":{"line":48,"column":9},"end":{"line":48,"column":28}},{"start":{"line":49,"column":10},"end":{"line":52,"column":16}}],"line":48},"4":{"loc":{"start":{"line":54,"column":9},"end":{"line":56,"column":9}},"type":"binary-expr","locations":[{"start":{"line":54,"column":9},"end":{"line":54,"column":33}},{"start":{"line":55,"column":10},"end":{"line":55,"column":60}}],"line":54},"5":{"loc":{"start":{"line":57,"column":9},"end":{"line":57,"column":73}},"type":"binary-expr","locations":[{"start":{"line":57,"column":9},"end":{"line":57,"column":29}},{"start":{"line":57,"column":33},"end":{"line":57,"column":73}}],"line":57},"6":{"loc":{"start":{"line":58,"column":9},"end":{"line":67,"column":9}},"type":"binary-expr","locations":[{"start":{"line":58,"column":9},"end":{"line":58,"column":28}},{"start":{"line":59,"column":10},"end":{"line":66,"column":14}}],"line":58},"7":{"loc":{"start":{"line":64,"column":15},"end":{"line":64,"column":70}},"type":"cond-expr","locations":[{"start":{"line":64,"column":34},"end":{"line":64,"column":49}},{"start":{"line":64,"column":52},"end":{"line":64,"column":70}}],"line":64}},"s":{"0":1,"1":2},"f":{"0":2},"b":{"0":[2,2],"1":[2,2],"2":[2,2],"3":[2,2],"4":[2,2],"5":[2,2],"6":[2,2],"7":[1,1]},"_coverageSchema":"1a1c01bbd47fc00a2c39e90264f33305004495a9","hash":"36ddb80e688ec9858dac810d8cd60017eda4a34b"}
,"C:\\Users\\DELL\\Desktop\\Test2-task\\components\\Forks\\index.tsx": {"path":"C:\\Users\\DELL\\Desktop\\Test2-task\\components\\Forks\\index.tsx","statementMap":{"0":{"start":{"line":10,"column":14},"end":{"line":46,"column":1}},"1":{"start":{"line":11,"column":28},"end":{"line":11,"column":50}},"2":{"start":{"line":12,"column":35},"end":{"line":12,"column":59}},"3":{"start":{"line":14,"column":2},"end":{"line":28,"column":9}},"4":{"start":{"line":15,"column":26},"end":{"line":15,"column":28}},"5":{"start":{"line":16,"column":12},"end":{"line":16,"column":13}},"6":{"start":{"line":17,"column":4},"end":{"line":27,"column":7}},"7":{"start":{"line":18,"column":6},"end":{"line":18,"column":56}},"8":{"start":{"line":20,"column":6},"end":{"line":24,"column":7}},"9":{"start":{"line":21,"column":8},"end":{"line":23,"column":21}},"10":{"start":{"line":22,"column":10},"end":{"line":22,"column":67}},"11":{"start":{"line":22,"column":35},"end":{"line":22,"column":67}},"12":{"start":{"line":23,"column":15},"end":{"line":23,"column":21}},"13":{"start":{"line":26,"column":6},"end":{"line":26,"column":20}},"14":{"start":{"line":30,"column":2},"end":{"line":45,"column":4}},"15":{"start":{"line":36,"column":12},"end":{"line":38,"column":18}}},"fnMap":{"0":{"name":"(anonymous_0)","decl":{"start":{"line":10,"column":14},"end":{"line":10,"column":15}},"loc":{"start":{"line":10,"column":52},"end":{"line":46,"column":1}},"line":10},"1":{"name":"(anonymous_1)","decl":{"start":{"line":14,"column":12},"end":{"line":14,"column":13}},"loc":{"start":{"line":14,"column":18},"end":{"line":28,"column":3}},"line":14},"2":{"name":"(anonymous_2)","decl":{"start":{"line":17,"column":26},"end":{"line":17,"column":27}},"loc":{"start":{"line":17,"column":35},"end":{"line":27,"column":5}},"line":17},"3":{"name":"(anonymous_3)","decl":{"start":{"line":35,"column":21},"end":{"line":35,"column":22}},"loc":{"start":{"line":36,"column":12},"end":{"line":38,"column":18}},"line":36}},"branchMap":{"0":{"loc":{"start":{"line":21,"column":8},"end":{"line":23,"column":21}},"type":"if","locations":[{"start":{"line":21,"column":8},"end":{"line":23,"column":21}},{"start":{"line":23,"column":15},"end":{"line":23,"column":21}}],"line":21},"1":{"loc":{"start":{"line":21,"column":12},"end":{"line":21,"column":35}},"type":"binary-expr","locations":[{"start":{"line":21,"column":12},"end":{"line":21,"column":26}},{"start":{"line":21,"column":30},"end":{"line":21,"column":35}}],"line":21},"2":{"loc":{"start":{"line":22,"column":10},"end":{"line":22,"column":67}},"type":"if","locations":[{"start":{"line":22,"column":10},"end":{"line":22,"column":67}},{"start":{},"end":{}}],"line":22},"3":{"loc":{"start":{"line":32,"column":7},"end":{"line":43,"column":7}},"type":"cond-expr","locations":[{"start":{"line":33,"column":8},"end":{"line":40,"column":11}},{"start":{"line":42,"column":8},"end":{"line":42,"column":13}}],"line":32},"4":{"loc":{"start":{"line":32,"column":7},"end":{"line":32,"column":37}},"type":"binary-expr","locations":[{"start":{"line":32,"column":7},"end":{"line":32,"column":17}},{"start":{"line":32,"column":21},"end":{"line":32,"column":37}}],"line":32}},"s":{"0":1,"1":2,"2":2,"3":2,"4":1,"5":1,"6":1,"7":1,"8":1,"9":2,"10":1,"11":1,"12":1,"13":1,"14":2,"15":1},"f":{"0":2,"1":1,"2":1,"3":1},"b":{"0":[1,1],"1":[2,1],"2":[1,0],"3":[1,1],"4":[2,2]},"_coverageSchema":"1a1c01bbd47fc00a2c39e90264f33305004495a9","hash":"c30c2225bb48495ef07f81a12f0ab999961eeb30"}
,"C:\\Users\\DELL\\Desktop\\Test2-task\\components\\InfinitePagination\\index.tsx": {"path":"C:\\Users\\DELL\\Desktop\\Test2-task\\components\\InfinitePagination\\index.tsx","statementMap":{"0":{"start":{"line":20,"column":27},"end":{"line":71,"column":1}},"1":{"start":{"line":27,"column":26},"end":{"line":27,"column":37}},"2":{"start":{"line":28,"column":40},"end":{"line":28,"column":55}},"3":{"start":{"line":29,"column":38},"end":{"line":29,"column":53}},"4":{"start":{"line":31,"column":2},"end":{"line":36,"column":5}},"5":{"start":{"line":32,"column":4},"end":{"line":32,"column":54}},"6":{"start":{"line":33,"column":4},"end":{"line":35,"column":6}},"7":{"start":{"line":34,"column":6},"end":{"line":34,"column":59}},"8":{"start":{"line":38,"column":25},"end":{"line":56,"column":3}},"9":{"start":{"line":39,"column":4},"end":{"line":55,"column":5}},"10":{"start":{"line":44,"column":6},"end":{"line":44,"column":27}},"11":{"start":{"line":45,"column":6},"end":{"line":45,"column":24}},"12":{"start":{"line":46,"column":6},"end":{"line":54,"column":8}},"13":{"start":{"line":48,"column":10},"end":{"line":52,"column":12}},"14":{"start":{"line":49,"column":12},"end":{"line":49,"column":51}},"15":{"start":{"line":50,"column":12},"end":{"line":50,"column":48}},"16":{"start":{"line":51,"column":12},"end":{"line":51,"column":34}},"17":{"start":{"line":58,"column":2},"end":{"line":70,"column":4}},"18":{"start":{"line":62,"column":8},"end":{"line":66,"column":10}}},"fnMap":{"0":{"name":"(anonymous_0)","decl":{"start":{"line":20,"column":27},"end":{"line":20,"column":28}},"loc":{"start":{"line":26,"column":41},"end":{"line":71,"column":1}},"line":26},"1":{"name":"(anonymous_1)","decl":{"start":{"line":31,"column":12},"end":{"line":31,"column":13}},"loc":{"start":{"line":31,"column":18},"end":{"line":36,"column":3}},"line":31},"2":{"name":"(anonymous_2)","decl":{"start":{"line":33,"column":11},"end":{"line":33,"column":12}},"loc":{"start":{"line":33,"column":17},"end":{"line":35,"column":5}},"line":33},"3":{"name":"(anonymous_3)","decl":{"start":{"line":38,"column":25},"end":{"line":38,"column":26}},"loc":{"start":{"line":38,"column":31},"end":{"line":56,"column":3}},"line":38},"4":{"name":"(anonymous_4)","decl":{"start":{"line":47,"column":8},"end":{"line":47,"column":9}},"loc":{"start":{"line":48,"column":10},"end":{"line":52,"column":12}},"line":48},"5":{"name":"(anonymous_5)","decl":{"start":{"line":48,"column":48},"end":{"line":48,"column":49}},"loc":{"start":{"line":48,"column":65},"end":{"line":52,"column":11}},"line":48},"6":{"name":"(anonymous_6)","decl":{"start":{"line":61,"column":8},"end":{"line":61,"column":9}},"loc":{"start":{"line":61,"column":14},"end":{"line":67,"column":7}},"line":61}},"branchMap":{"0":{"loc":{"start":{"line":39,"column":4},"end":{"line":55,"column":5}},"type":"if","locations":[{"start":{"line":39,"column":4},"end":{"line":55,"column":5}},{"start":{},"end":{}}],"line":39},"1":{"loc":{"start":{"line":40,"column":6},"end":{"line":42,"column":33}},"type":"binary-expr","locations":[{"start":{"line":40,"column":6},"end":{"line":41,"column":34}},{"start":{"line":42,"column":6},"end":{"line":42,"column":17}},{"start":{"line":42,"column":21},"end":{"line":42,"column":33}}],"line":40},"2":{"loc":{"start":{"line":62,"column":15},"end":{"line":66,"column":9}},"type":"cond-expr","locations":[{"start":{"line":63,"column":10},"end":{"line":63,"column":62}},{"start":{"line":65,"column":10},"end":{"line":65,"column":15}}],"line":62},"3":{"loc":{"start":{"line":68,"column":7},"end":{"line":68,"column":78}},"type":"cond-expr","locations":[{"start":{"line":68,"column":20},"end":{"line":68,"column":70}},{"start":{"line":68,"column":73},"end":{"line":68,"column":78}}],"line":68}},"s":{"0":1,"1":1,"2":1,"3":1,"4":1,"5":1,"6":1,"7":1,"8":1,"9":0,"10":0,"11":0,"12":0,"13":0,"14":0,"15":0,"16":0,"17":1,"18":1},"f":{"0":1,"1":1,"2":1,"3":0,"4":0,"5":0,"6":1},"b":{"0":[0,0],"1":[0,0,0],"2":[0,1],"3":[0,1]},"_coverageSchema":"1a1c01bbd47fc00a2c39e90264f33305004495a9","hash":"dd575acab6262b04415839d07b764e6f12032ed9"}
,"C:\\Users\\DELL\\Desktop\\Test2-task\\components\\Logo\\index.tsx": {"path":"C:\\Users\\DELL\\Desktop\\Test2-task\\components\\Logo\\index.tsx","statementMap":{"0":{"start":{"line":13,"column":13},"end":{"line":26,"column":1}},"1":{"start":{"line":19,"column":2},"end":{"line":25,"column":4}}},"fnMap":{"0":{"name":"(anonymous_0)","decl":{"start":{"line":13,"column":13},"end":{"line":13,"column":14}},"loc":{"start":{"line":19,"column":2},"end":{"line":25,"column":4}},"line":19}},"branchMap":{"0":{"loc":{"start":{"line":14,"column":2},"end":{"line":14,"column":17}},"type":"default-arg","locations":[{"start":{"line":14,"column":15},"end":{"line":14,"column":17}}],"line":14}},"s":{"0":2,"1":7},"f":{"0":7},"b":{"0":[7]},"_coverageSchema":"1a1c01bbd47fc00a2c39e90264f33305004495a9","hash":"4e563eb15fd290bc38e77d65f3f25f549d191066"}
,"C:\\Users\\DELL\\Desktop\\Test2-task\\components\\SearchPanel\\index.tsx": {"path":"C:\\Users\\DELL\\Desktop\\Test2-task\\components\\SearchPanel\\index.tsx","statementMap":{"0":{"start":{"line":9,"column":20},"end":{"line":58,"column":1}},"1":{"start":{"line":14,"column":28},"end":{"line":14,"column":48}},"2":{"start":{"line":15,"column":30},"end":{"line":15,"column":55}},"3":{"start":{"line":16,"column":17},"end":{"line":16,"column":28}},"4":{"start":{"line":18,"column":23},"end":{"line":28,"column":3}},"5":{"start":{"line":19,"column":4},"end":{"line":27,"column":5}},"6":{"start":{"line":20,"column":6},"end":{"line":20,"column":25}},"7":{"start":{"line":21,"column":6},"end":{"line":26,"column":9}},"8":{"start":{"line":30,"column":2},"end":{"line":57,"column":4}},"9":{"start":{"line":37,"column":29},"end":{"line":37,"column":53}}},"fnMap":{"0":{"name":"(anonymous_0)","decl":{"start":{"line":9,"column":20},"end":{"line":9,"column":21}},"loc":{"start":{"line":13,"column":20},"end":{"line":58,"column":1}},"line":13},"1":{"name":"(anonymous_1)","decl":{"start":{"line":18,"column":23},"end":{"line":18,"column":24}},"loc":{"start":{"line":18,"column":46},"end":{"line":28,"column":3}},"line":18},"2":{"name":"(anonymous_2)","decl":{"start":{"line":37,"column":22},"end":{"line":37,"column":23}},"loc":{"start":{"line":37,"column":29},"end":{"line":37,"column":53}},"line":37}},"branchMap":{"0":{"loc":{"start":{"line":19,"column":4},"end":{"line":27,"column":5}},"type":"if","locations":[{"start":{"line":19,"column":4},"end":{"line":27,"column":5}},{"start":{},"end":{}}],"line":19}},"s":{"0":1,"1":3,"2":3,"3":3,"4":3,"5":1,"6":1,"7":1,"8":3,"9":1},"f":{"0":3,"1":1,"2":1},"b":{"0":[1,0]},"_coverageSchema":"1a1c01bbd47fc00a2c39e90264f33305004495a9","hash":"79b8915cd26ea50ea0606b7e85687caa712540b4"}
,"C:\\Users\\DELL\\Desktop\\Test2-task\\components\\ToggleInput\\index.tsx": {"path":"C:\\Users\\DELL\\Desktop\\Test2-task\\components\\ToggleInput\\index.tsx","statementMap":{"0":{"start":{"line":13,"column":20},"end":{"line":41,"column":1}},"1":{"start":{"line":19,"column":2},"end":{"line":40,"column":4}},"2":{"start":{"line":22,"column":8},"end":{"line":37,"column":17}},"3":{"start":{"line":27,"column":12},"end":{"line":27,"column":31}},"4":{"start":{"line":28,"column":12},"end":{"line":28,"column":30}}},"fnMap":{"0":{"name":"(anonymous_0)","decl":{"start":{"line":13,"column":20},"end":{"line":13,"column":21}},"loc":{"start":{"line":18,"column":20},"end":{"line":41,"column":1}},"line":18},"1":{"name":"(anonymous_1)","decl":{"start":{"line":21,"column":19},"end":{"line":21,"column":20}},"loc":{"start":{"line":22,"column":8},"end":{"line":37,"column":17}},"line":22},"2":{"name":"(anonymous_2)","decl":{"start":{"line":26,"column":19},"end":{"line":26,"column":20}},"loc":{"start":{"line":26,"column":26},"end":{"line":29,"column":11}},"line":26}},"branchMap":{"0":{"loc":{"start":{"line":30,"column":11},"end":{"line":35,"column":11}},"type":"binary-expr","locations":[{"start":{"line":30,"column":11},"end":{"line":30,"column":36}},{"start":{"line":31,"column":12},"end":{"line":34,"column":14}}],"line":30}},"s":{"0":2,"1":5,"2":8,"3":1,"4":1},"f":{"0":5,"1":8,"2":1},"b":{"0":[8,4]},"_coverageSchema":"1a1c01bbd47fc00a2c39e90264f33305004495a9","hash":"fee438fbb2befbd98a4b78055a5eb85b8f8c5cf4"}
,"C:\\Users\\DELL\\Desktop\\Test2-task\\utils\\fetcher.ts": {"path":"C:\\Users\\DELL\\Desktop\\Test2-task\\utils\\fetcher.ts","statementMap":{"0":{"start":{"line":1,"column":29},"end":{"line":11,"column":25}},"1":{"start":{"line":7,"column":2},"end":{"line":11,"column":25}},"2":{"start":{"line":10,"column":19},"end":{"line":10,"column":29}},"3":{"start":{"line":11,"column":20},"end":{"line":11,"column":24}},"4":{"start":{"line":13,"column":23},"end":{"line":16,"column":25}},"5":{"start":{"line":14,"column":2},"end":{"line":16,"column":25}},"6":{"start":{"line":15,"column":19},"end":{"line":15,"column":29}},"7":{"start":{"line":16,"column":20},"end":{"line":16,"column":24}}},"fnMap":{"0":{"name":"(anonymous_0)","decl":{"start":{"line":1,"column":29},"end":{"line":1,"column":30}},"loc":{"start":{"line":7,"column":2},"end":{"line":11,"column":25}},"line":7},"1":{"name":"(anonymous_1)","decl":{"start":{"line":10,"column":10},"end":{"line":10,"column":11}},"loc":{"start":{"line":10,"column":19},"end":{"line":10,"column":29}},"line":10},"2":{"name":"(anonymous_2)","decl":{"start":{"line":11,"column":10},"end":{"line":11,"column":11}},"loc":{"start":{"line":11,"column":20},"end":{"line":11,"column":24}},"line":11},"3":{"name":"(anonymous_3)","decl":{"start":{"line":13,"column":23},"end":{"line":13,"column":24}},"loc":{"start":{"line":14,"column":2},"end":{"line":16,"column":25}},"line":14},"4":{"name":"(anonymous_4)","decl":{"start":{"line":15,"column":10},"end":{"line":15,"column":11}},"loc":{"start":{"line":15,"column":19},"end":{"line":15,"column":29}},"line":15},"5":{"name":"(anonymous_5)","decl":{"start":{"line":16,"column":10},"end":{"line":16,"column":11}},"loc":{"start":{"line":16,"column":20},"end":{"line":16,"column":24}},"line":16}},"branchMap":{"0":{"loc":{"start":{"line":5,"column":2},"end":{"line":5,"column":22}},"type":"default-arg","locations":[{"start":{"line":5,"column":20},"end":{"line":5,"column":22}}],"line":5}},"s":{"0":1,"1":2,"2":2,"3":2,"4":1,"5":1,"6":1,"7":1},"f":{"0":2,"1":2,"2":2,"3":1,"4":1,"5":1},"b":{"0":[1]},"_coverageSchema":"1a1c01bbd47fc00a2c39e90264f33305004495a9","hash":"d4c5452db216e9237d74afa0acbe6248dce9d608"}
}
