TN:
SF:components\Badges\index.tsx
FN:6,(anonymous_0)
FN:10,(anonymous_1)
FN:11,(anonymous_2)
FN:22,(anonymous_3)
FNF:4
FNH:4
FNDA:2,(anonymous_0)
FNDA:1,(anonymous_1)
FNDA:1,(anonymous_2)
FNDA:2,(anonymous_3)
DA:6,1
DA:7,2
DA:8,2
DA:10,2
DA:11,1
DA:12,1
DA:13,1
DA:17,2
DA:23,2
LF:9
LH:9
BRDA:19,0,0,1
BRDA:19,0,1,1
BRDA:19,1,0,2
BRDA:19,1,1,2
BRF:4
BRH:4
end_of_record
TN:
SF:components\Container\index.tsx
FN:5,(anonymous_0)
FNF:1
FNH:1
FNDA:2,(anonymous_0)
DA:5,1
DA:6,2
LF:2
LH:2
BRF:0
BRH:0
end_of_record
TN:
SF:components\EntryContainer\index.tsx
FN:24,(anonymous_0)
FNF:1
FNH:1
FNDA:2,(anonymous_0)
DA:24,1
DA:25,2
LF:2
LH:2
BRDA:27,0,0,2
BRDA:27,0,1,2
BRDA:37,1,0,2
BRDA:37,1,1,2
BRDA:42,2,0,2
BRDA:42,2,1,2
BRDA:48,3,0,2
BRDA:48,3,1,2
BRDA:54,4,0,2
BRDA:54,4,1,2
BRDA:57,5,0,2
BRDA:57,5,1,2
BRDA:58,6,0,2
BRDA:58,6,1,2
BRDA:64,7,0,1
BRDA:64,7,1,1
BRF:16
BRH:16
end_of_record
TN:
SF:components\Forks\index.tsx
FN:10,(anonymous_0)
FN:14,(anonymous_1)
FN:17,(anonymous_2)
FN:35,(anonymous_3)
FNF:4
FNH:4
FNDA:2,(anonymous_0)
FNDA:1,(anonymous_1)
FNDA:1,(anonymous_2)
FNDA:1,(anonymous_3)
DA:10,1
DA:11,2
DA:12,2
DA:14,2
DA:15,1
DA:16,1
DA:17,1
DA:18,1
DA:20,1
DA:21,2
DA:22,1
DA:23,1
DA:26,1
DA:30,2
DA:36,1
LF:15
LH:15
BRDA:21,0,0,1
BRDA:21,0,1,1
BRDA:21,1,0,2
BRDA:21,1,1,1
BRDA:22,2,0,1
BRDA:22,2,1,0
BRDA:32,3,0,1
BRDA:32,3,1,1
BRDA:32,4,0,2
BRDA:32,4,1,2
BRF:10
BRH:9
end_of_record
TN:
SF:components\InfinitePagination\index.tsx
FN:20,(anonymous_0)
FN:31,(anonymous_1)
FN:33,(anonymous_2)
FN:38,(anonymous_3)
FN:47,(anonymous_4)
FN:48,(anonymous_5)
FN:61,(anonymous_6)
FNF:7
FNH:4
FNDA:1,(anonymous_0)
FNDA:1,(anonymous_1)
FNDA:1,(anonymous_2)
FNDA:0,(anonymous_3)
FNDA:0,(anonymous_4)
FNDA:0,(anonymous_5)
FNDA:1,(anonymous_6)
DA:20,1
DA:27,1
DA:28,1
DA:29,1
DA:31,1
DA:32,1
DA:33,1
DA:34,1
DA:38,1
DA:39,0
DA:44,0
DA:45,0
DA:46,0
DA:48,0
DA:49,0
DA:50,0
DA:51,0
DA:58,1
DA:62,1
LF:19
LH:11
BRDA:39,0,0,0
BRDA:39,0,1,0
BRDA:40,1,0,0
BRDA:40,1,1,0
BRDA:40,1,2,0
BRDA:62,2,0,0
BRDA:62,2,1,1
BRDA:68,3,0,0
BRDA:68,3,1,1
BRF:9
BRH:2
end_of_record
TN:
SF:components\Logo\index.tsx
FN:13,(anonymous_0)
FNF:1
FNH:1
FNDA:7,(anonymous_0)
DA:13,2
DA:19,7
LF:2
LH:2
BRDA:14,0,0,7
BRF:1
BRH:1
end_of_record
TN:
SF:components\SearchPanel\index.tsx
FN:9,(anonymous_0)
FN:18,(anonymous_1)
FN:37,(anonymous_2)
FNF:3
FNH:3
FNDA:3,(anonymous_0)
FNDA:1,(anonymous_1)
FNDA:1,(anonymous_2)
DA:9,1
DA:14,3
DA:15,3
DA:16,3
DA:18,3
DA:19,1
DA:20,1
DA:21,1
DA:30,3
DA:37,1
LF:10
LH:10
BRDA:19,0,0,1
BRDA:19,0,1,0
BRF:2
BRH:1
end_of_record
TN:
SF:components\ToggleInput\index.tsx
FN:13,(anonymous_0)
FN:21,(anonymous_1)
FN:26,(anonymous_2)
FNF:3
FNH:3
FNDA:5,(anonymous_0)
FNDA:8,(anonymous_1)
FNDA:1,(anonymous_2)
DA:13,2
DA:19,5
DA:22,8
DA:27,1
DA:28,1
LF:5
LH:5
BRDA:30,0,0,8
BRDA:30,0,1,4
BRF:2
BRH:2
end_of_record
TN:
SF:utils\fetcher.ts
FN:1,(anonymous_0)
FN:10,(anonymous_1)
FN:11,(anonymous_2)
FN:13,(anonymous_3)
FN:15,(anonymous_4)
FN:16,(anonymous_5)
FNF:6
FNH:6
FNDA:2,(anonymous_0)
FNDA:2,(anonymous_1)
FNDA:2,(anonymous_2)
FNDA:1,(anonymous_3)
FNDA:1,(anonymous_4)
FNDA:1,(anonymous_5)
DA:1,1
DA:7,2
DA:10,2
DA:11,2
DA:13,1
DA:14,1
DA:15,1
DA:16,1
LF:8
LH:8
BRDA:5,0,0,1
BRF:1
BRH:1
end_of_record
